{
    "Guid": "5b1246a9-6f5b-bcc6-1763-0fee57e811cf",
    "start_time": "2025-08-27 14:55:38",
    "steps": [
        {
            "function": "Opening CSP",
            "status": "success",
            "error": null
        },
        {
            "function": "Login to CSP",
            "status": "success",
            "error": null
        },
        {
            "function": "Opening ServiceCatalog",
            "status": "success",
            "error": null
        },
        {
            "function": "Back to Standard Favorite",
            "status": null,
            "error": {
                "type": "NoSuchElementException",
                "message": "Message: Unable to locate element: //i[@title=\"حذف از پسندیده ها\"]; For documentation on this error, please visit: https://www.selenium.dev/documentation/webdriver/troubleshooting/errors#no-such-element-exception\nStacktrace:\nRemoteError@chrome://remote/content/shared/RemoteError.sys.mjs:8:8\nWebDriverError@chrome://remote/content/shared/webdriver/Errors.sys.mjs:199:5\nNoSuchElementError@chrome://remote/content/shared/webdriver/Errors.sys.mjs:552:5\ndom.find/</<@chrome://remote/content/shared/DOM.sys.mjs:136:16\n",
                "traceback": "Traceback (most recent call last):\n  File \"C:\\Users\\IFIXIT\\Desktop\\PYTHON SCRIPT\\Yakabd Auto Test\\Favorit Request Offerings\\Fav_Offerings.py\", line 50, in process_guid\n    result = func()\n          ^^^^^^\n  File \"C:\\Users\\IFIXIT\\Desktop\\PYTHON SCRIPT\\Yakabd Auto Test\\Favorit Request Offerings\\Fav_Offerings.py\", line 43, in <lambda>\n    (\"Back to Standard Favorite\", lambda: Back_to_standard_fav(DRIVER, RANDOM_G)),\n                                          ^^^^^^^^^^^^^^^^^^^^^^^^^^^^^^^^^^^^^^\n  File \"C:\\Users\\IFIXIT\\Desktop\\PYTHON SCRIPT\\Yakabd Auto Test\\Functions\\Mother_func.py\", line 158, in Back_to_standard_fav\n    remove_favorite = newTicketForm.find_element(By.XPATH, '//i[@title=\"حذف از پسندیده ها\"]')\n                      ^^^^^^^^^^^^^^^^^^^^^^^^^^^^^^^^^^^^^^^^^^^^^^^^^^^^^^^^^^^^^^^^^^^^^^^\n  File \"C:\\Users\\IFIXIT\\AppData\\Local\\Programs\\Python\\Python311\\Lib\\site-packages\\selenium\\webdriver\\remote\\webelement.py\", line 416, in find_element\n    return self._execute(Command.FIND_CHILD_ELEMENT, {\"using\": by, \"value\": value})[\"value\"]\n           ^^^^^^^^^^^^^^^^^^^^^^^^^^^^^^^^^^^^^^^^^^^^^^^^^^^^^^^^^^^^^^^^^^^^^^^^\n  File \"C:\\Users\\IFIXIT\\AppData\\Local\\Programs\\Python\\Python311\\Lib\\site-packages\\selenium\\webdriver\\remote\\webelement.py\", line 394, in _execute\n    return self._parent.execute(command, params)\n           ^^^^^^^^^^^^^^^^^^^^^^^^^^^^^^^^^^^^^\n  File \"C:\\Users\\IFIXIT\\AppData\\Local\\Programs\\Python\\Python311\\Lib\\site-packages\\selenium\\webdriver\\remote\\webdriver.py\", line 344, in execute\n    self.error_handler.check_response(response)\n  File \"C:\\Users\\IFIXIT\\AppData\\Local\\Programs\\Python\\Python311\\Lib\\site-packages\\selenium\\webdriver\\remote\\errorhandler.py\", line 229, in check_response\n    raise exception_class(message, screen, stacktrace)\nselenium.common.exceptions.NoSuchElementException: Message: Unable to locate element: //i[@title=\"حذف از پسندیده ها\"]; For documentation on this error, please visit: https://www.selenium.dev/documentation/webdriver/troubleshooting/errors#no-such-element-exception\nStacktrace:\nRemoteError@chrome://remote/content/shared/RemoteError.sys.mjs:8:8\nWebDriverError@chrome://remote/content/shared/webdriver/Errors.sys.mjs:199:5\nNoSuchElementError@chrome://remote/content/shared/webdriver/Errors.sys.mjs:552:5\ndom.find/</<@chrome://remote/content/shared/DOM.sys.mjs:136:16\n\n"
            }
        }
    ],
    "status": "Failed",
    "error": {
        "type": "NoSuchElementException",
        "message": "Message: Unable to locate element: //i[@title=\"حذف از پسندیده ها\"]; For documentation on this error, please visit: https://www.selenium.dev/documentation/webdriver/troubleshooting/errors#no-such-element-exception\nStacktrace:\nRemoteError@chrome://remote/content/shared/RemoteError.sys.mjs:8:8\nWebDriverError@chrome://remote/content/shared/webdriver/Errors.sys.mjs:199:5\nNoSuchElementError@chrome://remote/content/shared/webdriver/Errors.sys.mjs:552:5\ndom.find/</<@chrome://remote/content/shared/DOM.sys.mjs:136:16\n",
        "traceback": "Traceback (most recent call last):\n  File \"C:\\Users\\IFIXIT\\Desktop\\PYTHON SCRIPT\\Yakabd Auto Test\\Favorit Request Offerings\\Fav_Offerings.py\", line 50, in process_guid\n    result = func()\n          ^^^^^^\n  File \"C:\\Users\\IFIXIT\\Desktop\\PYTHON SCRIPT\\Yakabd Auto Test\\Favorit Request Offerings\\Fav_Offerings.py\", line 43, in <lambda>\n    (\"Back to Standard Favorite\", lambda: Back_to_standard_fav(DRIVER, RANDOM_G)),\n                                          ^^^^^^^^^^^^^^^^^^^^^^^^^^^^^^^^^^^^^^\n  File \"C:\\Users\\IFIXIT\\Desktop\\PYTHON SCRIPT\\Yakabd Auto Test\\Functions\\Mother_func.py\", line 158, in Back_to_standard_fav\n    remove_favorite = newTicketForm.find_element(By.XPATH, '//i[@title=\"حذف از پسندیده ها\"]')\n                      ^^^^^^^^^^^^^^^^^^^^^^^^^^^^^^^^^^^^^^^^^^^^^^^^^^^^^^^^^^^^^^^^^^^^^^^\n  File \"C:\\Users\\IFIXIT\\AppData\\Local\\Programs\\Python\\Python311\\Lib\\site-packages\\selenium\\webdriver\\remote\\webelement.py\", line 416, in find_element\n    return self._execute(Command.FIND_CHILD_ELEMENT, {\"using\": by, \"value\": value})[\"value\"]\n           ^^^^^^^^^^^^^^^^^^^^^^^^^^^^^^^^^^^^^^^^^^^^^^^^^^^^^^^^^^^^^^^^^^^^^^^^\n  File \"C:\\Users\\IFIXIT\\AppData\\Local\\Programs\\Python\\Python311\\Lib\\site-packages\\selenium\\webdriver\\remote\\webelement.py\", line 394, in _execute\n    return self._parent.execute(command, params)\n           ^^^^^^^^^^^^^^^^^^^^^^^^^^^^^^^^^^^^^\n  File \"C:\\Users\\IFIXIT\\AppData\\Local\\Programs\\Python\\Python311\\Lib\\site-packages\\selenium\\webdriver\\remote\\webdriver.py\", line 344, in execute\n    self.error_handler.check_response(response)\n  File \"C:\\Users\\IFIXIT\\AppData\\Local\\Programs\\Python\\Python311\\Lib\\site-packages\\selenium\\webdriver\\remote\\errorhandler.py\", line 229, in check_response\n    raise exception_class(message, screen, stacktrace)\nselenium.common.exceptions.NoSuchElementException: Message: Unable to locate element: //i[@title=\"حذف از پسندیده ها\"]; For documentation on this error, please visit: https://www.selenium.dev/documentation/webdriver/troubleshooting/errors#no-such-element-exception\nStacktrace:\nRemoteError@chrome://remote/content/shared/RemoteError.sys.mjs:8:8\nWebDriverError@chrome://remote/content/shared/webdriver/Errors.sys.mjs:199:5\nNoSuchElementError@chrome://remote/content/shared/webdriver/Errors.sys.mjs:552:5\ndom.find/</<@chrome://remote/content/shared/DOM.sys.mjs:136:16\n\n"
    }
}