{
    "Guid": "734da702-5efc-b4b1-e8da-103256e70e06",
    "start_time": "2025-10-04 15:20:31",
    "steps": [
        {
            "function": "Opening CSP",
            "status": "success",
            "error": null
        },
        {
            "function": "Login to CSP",
            "status": "success",
            "error": null
        },
        {
            "function": "Opening ServiceCatalog",
            "status": "success",
            "error": null
        },
        {
            "function": "Opening Request Affering",
            "status": "success",
            "error": null
        },
        {
            "function": "USER Q",
            "status": "Failed",
            "error": {
                "type": "TimeoutException",
                "message": "Message: \nStacktrace:\nRemoteError@chrome://remote/content/shared/RemoteError.sys.mjs:8:8\nWebDriverError@chrome://remote/content/shared/webdriver/Errors.sys.mjs:199:5\nNoSuchElementError@chrome://remote/content/shared/webdriver/Errors.sys.mjs:552:5\ndom.find/</<@chrome://remote/content/shared/DOM.sys.mjs:136:16\n",
                "traceback": "Traceback (most recent call last):\n  File \"c:\\Users\\IFIXIT\\Desktop\\PYTHON SCRIPT\\Yakabd Auto Test\\Creating Ticket\\Create_Ticket.py\", line 52, in process\n    result = func()\n             ^^^^^^\n  File \"c:\\Users\\IFIXIT\\Desktop\\PYTHON SCRIPT\\Yakabd Auto Test\\Creating Ticket\\Create_Ticket.py\", line 44, in <lambda>\n    (\"USER Q\", lambda: do_Q1(DRIVER)),\n                       ^^^^^^^^^^^^^\n  File \"c:\\Users\\IFIXIT\\Desktop\\PYTHON SCRIPT\\Yakabd Auto Test\\Functions\\Mother_func.py\", line 75, in do_Q1\n    click_on_City = WebDriverWait(driver, 20).until(EC.presence_of_element_located((By.XPATH, '/html/body/div[3]/div/div[2]/ul/li/ul/li/div/span')))\n                    ^^^^^^^^^^^^^^^^^^^^^^^^^^^^^^^^^^^^^^^^^^^^^^^^^^^^^^^^^^^^^^^^^^^^^^^^^^^^^^^^^^^^^^^^^^^^^^^^^^^^^^^^^^^^^^^^^^^^^^^^^^^^^^^^\n  File \"C:\\Users\\IFIXIT\\AppData\\Local\\Programs\\Python\\Python311\\Lib\\site-packages\\selenium\\webdriver\\support\\wait.py\", line 95, in until\n    raise TimeoutException(message, screen, stacktrace)\nselenium.common.exceptions.TimeoutException: Message: \nStacktrace:\nRemoteError@chrome://remote/content/shared/RemoteError.sys.mjs:8:8\nWebDriverError@chrome://remote/content/shared/webdriver/Errors.sys.mjs:199:5\nNoSuchElementError@chrome://remote/content/shared/webdriver/Errors.sys.mjs:552:5\ndom.find/</<@chrome://remote/content/shared/DOM.sys.mjs:136:16\n\n"
            }
        }
    ],
    "status": "Failed",
    "ticket_id": null,
    "error": {
        "type": "TimeoutException",
        "message": "Message: \nStacktrace:\nRemoteError@chrome://remote/content/shared/RemoteError.sys.mjs:8:8\nWebDriverError@chrome://remote/content/shared/webdriver/Errors.sys.mjs:199:5\nNoSuchElementError@chrome://remote/content/shared/webdriver/Errors.sys.mjs:552:5\ndom.find/</<@chrome://remote/content/shared/DOM.sys.mjs:136:16\n",
        "traceback": "Traceback (most recent call last):\n  File \"c:\\Users\\IFIXIT\\Desktop\\PYTHON SCRIPT\\Yakabd Auto Test\\Creating Ticket\\Create_Ticket.py\", line 52, in process\n    result = func()\n             ^^^^^^\n  File \"c:\\Users\\IFIXIT\\Desktop\\PYTHON SCRIPT\\Yakabd Auto Test\\Creating Ticket\\Create_Ticket.py\", line 44, in <lambda>\n    (\"USER Q\", lambda: do_Q1(DRIVER)),\n                       ^^^^^^^^^^^^^\n  File \"c:\\Users\\IFIXIT\\Desktop\\PYTHON SCRIPT\\Yakabd Auto Test\\Functions\\Mother_func.py\", line 75, in do_Q1\n    click_on_City = WebDriverWait(driver, 20).until(EC.presence_of_element_located((By.XPATH, '/html/body/div[3]/div/div[2]/ul/li/ul/li/div/span')))\n                    ^^^^^^^^^^^^^^^^^^^^^^^^^^^^^^^^^^^^^^^^^^^^^^^^^^^^^^^^^^^^^^^^^^^^^^^^^^^^^^^^^^^^^^^^^^^^^^^^^^^^^^^^^^^^^^^^^^^^^^^^^^^^^^^^\n  File \"C:\\Users\\IFIXIT\\AppData\\Local\\Programs\\Python\\Python311\\Lib\\site-packages\\selenium\\webdriver\\support\\wait.py\", line 95, in until\n    raise TimeoutException(message, screen, stacktrace)\nselenium.common.exceptions.TimeoutException: Message: \nStacktrace:\nRemoteError@chrome://remote/content/shared/RemoteError.sys.mjs:8:8\nWebDriverError@chrome://remote/content/shared/webdriver/Errors.sys.mjs:199:5\nNoSuchElementError@chrome://remote/content/shared/webdriver/Errors.sys.mjs:552:5\ndom.find/</<@chrome://remote/content/shared/DOM.sys.mjs:136:16\n\n"
    }
}